[0103/154406.712:ERROR:process_reader_win.cc(151)] SuspendThread: Access is denied. (0x5)
[0103/154406.715:ERROR:process_reader_win.cc(151)] SuspendThread: Access is denied. (0x5)
[0103/154406.716:ERROR:process_reader_win.cc(151)] SuspendThread: Access is denied. (0x5)
[0103/154406.716:ERROR:process_reader_win.cc(151)] SuspendThread: Access is denied. (0x5)
[0103/154406.716:ERROR:process_reader_win.cc(151)] SuspendThread: Access is denied. (0x5)
[0103/154406.716:ERROR:process_reader_win.cc(151)] SuspendThread: Access is denied. (0x5)
[0103/154406.717:ERROR:process_reader_win.cc(151)] SuspendThread: Access is denied. (0x5)
[0103/154406.717:ERROR:process_reader_win.cc(151)] SuspendThread: Access is denied. (0x5)
[0103/154406.717:ERROR:process_reader_win.cc(151)] SuspendThread: Access is denied. (0x5)
[0103/154406.717:ERROR:process_reader_win.cc(151)] SuspendThread: Access is denied. (0x5)
[0103/154406.718:ERROR:process_reader_win.cc(151)] SuspendThread: Access is denied. (0x5)
[0103/154406.718:ERROR:process_reader_win.cc(151)] SuspendThread: Access is denied. (0x5)
[0103/154406.720:ERROR:process_reader_win.cc(151)] SuspendThread: Access is denied. (0x5)
[0103/154406.720:ERROR:process_reader_win.cc(151)] SuspendThread: Access is denied. (0x5)
[0103/154406.720:ERROR:process_reader_win.cc(151)] SuspendThread: Access is denied. (0x5)
[0103/154406.720:ERROR:process_reader_win.cc(151)] SuspendThread: Access is denied. (0x5)
[0103/154406.721:ERROR:exception_snapshot_win.cc(98)] thread ID 13384 not found in process
[0225/124432.287:ERROR:process_reader_win.cc(182)] ResumeThread: The parameter is incorrect. (0x57)
[0225/124432.287:ERROR:process_reader_win.cc(151)] SuspendThread: Access is denied. (0x5)
[0225/124432.287:ERROR:process_reader_win.cc(151)] SuspendThread: Access is denied. (0x5)
[0225/124432.287:ERROR:process_reader_win.cc(151)] SuspendThread: Access is denied. (0x5)
[0225/124432.287:ERROR:process_reader_win.cc(151)] SuspendThread: Access is denied. (0x5)
[0225/124432.287:ERROR:process_reader_win.cc(151)] SuspendThread: Access is denied. (0x5)
[0225/124432.287:ERROR:process_reader_win.cc(123)] NtOpenThread: An invalid Client ID was specified. (0xc000000b)
[0225/124432.287:ERROR:process_reader_win.cc(151)] SuspendThread: Access is denied. (0x5)
[0225/124432.287:ERROR:process_reader_win.cc(151)] SuspendThread: Access is denied. (0x5)
[0225/124432.303:ERROR:process_reader_win.cc(151)] SuspendThread: Access is denied. (0x5)
[0225/124432.303:ERROR:process_reader_win.cc(151)] SuspendThread: Access is denied. (0x5)
[0225/124432.303:ERROR:process_reader_win.cc(151)] SuspendThread: Access is denied. (0x5)
[0225/124432.303:ERROR:process_reader_win.cc(151)] SuspendThread: Access is denied. (0x5)
[0225/124432.303:ERROR:process_reader_win.cc(151)] SuspendThread: Access is denied. (0x5)
[0225/124432.303:ERROR:process_reader_win.cc(151)] SuspendThread: Access is denied. (0x5)
[0225/124432.303:ERROR:process_reader_win.cc(151)] SuspendThread: Access is denied. (0x5)
[0225/124432.303:ERROR:process_reader_win.cc(151)] SuspendThread: Access is denied. (0x5)
[0225/124432.303:ERROR:exception_snapshot_win.cc(98)] thread ID 6736 not found in process
[0225/124432.303:ERROR:scoped_process_suspend.cc(40)] NtResumeProcess: An attempt was made to access an exiting process. (0xc000010a)
[0408/150927.849:ERROR:process_reader_win.cc(176)] GetThreadContext: Access is denied. (0x5)
[0408/150927.849:ERROR:process_reader_win.cc(151)] SuspendThread: Access is denied. (0x5)
[0408/150927.849:ERROR:process_reader_win.cc(151)] SuspendThread: Access is denied. (0x5)
[0408/150927.849:ERROR:process_reader_win.cc(151)] SuspendThread: Access is denied. (0x5)
[0408/150927.849:ERROR:process_reader_win.cc(123)] NtOpenThread: An invalid Client ID was specified. (0xc000000b)
[0408/150927.849:ERROR:process_reader_win.cc(151)] SuspendThread: Access is denied. (0x5)
[0408/150927.849:ERROR:process_reader_win.cc(151)] SuspendThread: Access is denied. (0x5)
[0408/150927.865:ERROR:process_reader_win.cc(151)] SuspendThread: Access is denied. (0x5)
[0408/150927.865:ERROR:process_reader_win.cc(151)] SuspendThread: Access is denied. (0x5)
[0408/150927.865:ERROR:process_reader_win.cc(151)] SuspendThread: Access is denied. (0x5)
[0408/150927.865:ERROR:process_reader_win.cc(151)] SuspendThread: Access is denied. (0x5)
[0408/150927.865:ERROR:process_reader_win.cc(151)] SuspendThread: Access is denied. (0x5)
[0408/150927.865:ERROR:process_reader_win.cc(151)] SuspendThread: Access is denied. (0x5)
[0408/150927.865:ERROR:process_reader_win.cc(151)] SuspendThread: Access is denied. (0x5)
[0408/150927.865:ERROR:exception_snapshot_win.cc(98)] thread ID 9680 not found in process
